# JRE version: Java(TM) SE Runtime Environment (8.0_121-b13) (build 1.8.0_121-b13)
# Java VM: Java HotSpot(TM) 64-Bit Server VM (25.121-b13 mixed mode bsd-amd64 compressed oops)
Heap:
 PSYoungGen      total 62976K, used 19069K [0x000000076ab00000, 0x000000076f100000, 0x00000007c0000000)
  eden space 59392K, 30% used [0x000000076ab00000,0x000000076bc6f4d8,0x000000076e500000)
  from space 3584K, 33% used [0x000000076ea00000,0x000000076eb30000,0x000000076ed80000)
  to   space 3584K, 0% used [0x000000076ed80000,0x000000076ed80000,0x000000076f100000)
 ParOldGen       total 175104K, used 2586K [0x00000006c0000000, 0x00000006cab00000, 0x000000076ab00000)
  object space 175104K, 1% used [0x00000006c0000000,0x00000006c0286bf0,0x00000006cab00000)
 Metaspace       used 12699K, capacity 13222K, committed 13312K, reserved 1060864K
  class space    used 1626K, capacity 1775K, committed 1792K, reserved 1048576K
GC Heap History (10 events):
Event: 7.470 GC heap before
{Heap before GC invocations=5 (full 0):
 PSYoungGen      total 76288K, used 67984K [0x000000076ab00000, 0x0000000770000000, 0x00000007c0000000)
  eden space 65536K, 100% used [0x000000076ab00000,0x000000076eb00000,0x000000076eb00000)
  from space 10752K, 22% used [0x000000076f580000,0x000000076f7e4030,0x0000000770000000)
  to   space 10752K, 0% used [0x000000076eb00000,0x000000076eb00000,0x000000076f580000)
 ParOldGen       total 175104K, used 32K [0x00000006c0000000, 0x00000006cab00000, 0x000000076ab00000)
  object space 175104K, 0% used [0x00000006c0000000,0x00000006c0008000,0x00000006cab00000)
 Metaspace       used 12367K, capacity 12822K, committed 13056K, reserved 1060864K
  class space    used 1607K, capacity 1735K, committed 1792K, reserved 1048576K
Event: 7.473 GC heap after
Heap after GC invocations=5 (full 0):
 PSYoungGen      total 67072K, used 2560K [0x000000076ab00000, 0x000000076f600000, 0x00000007c0000000)
  eden space 64000K, 0% used [0x000000076ab00000,0x000000076ab00000,0x000000076e980000)
  from space 3072K, 83% used [0x000000076eb00000,0x000000076ed80020,0x000000076ee00000)
  to   space 3072K, 0% used [0x000000076f300000,0x000000076f300000,0x000000076f600000)
 ParOldGen       total 175104K, used 40K [0x00000006c0000000, 0x00000006cab00000, 0x000000076ab00000)
  object space 175104K, 0% used [0x00000006c0000000,0x00000006c000a000,0x00000006cab00000)
 Metaspace       used 12367K, capacity 12822K, committed 13056K, reserved 1060864K
  class space    used 1607K, capacity 1735K, committed 1792K, reserved 1048576K
}
Event: 9.112 GC heap before
{Heap before GC invocations=6 (full 0):
 PSYoungGen      total 67072K, used 66560K [0x000000076ab00000, 0x000000076f600000, 0x00000007c0000000)
  eden space 64000K, 100% used [0x000000076ab00000,0x000000076e980000,0x000000076e980000)
  from space 3072K, 83% used [0x000000076eb00000,0x000000076ed80020,0x000000076ee00000)
  to   space 3072K, 0% used [0x000000076f300000,0x000000076f300000,0x000000076f600000)
 ParOldGen       total 175104K, used 40K [0x00000006c0000000, 0x00000006cab00000, 0x000000076ab00000)
  object space 175104K, 0% used [0x00000006c0000000,0x00000006c000a000,0x00000006cab00000)
 Metaspace       used 12423K, capacity 12886K, committed 13056K, reserved 1060864K
  class space    used 1607K, capacity 1735K, committed 1792K, reserved 1048576K
Event: 9.115 GC heap after
Heap after GC invocations=6 (full 0):
 PSYoungGen      total 65536K, used 2560K [0x000000076ab00000, 0x000000076f600000, 0x00000007c0000000)
  eden space 62464K, 0% used [0x000000076ab00000,0x000000076ab00000,0x000000076e800000)
  from space 3072K, 83% used [0x000000076f300000,0x000000076f580040,0x000000076f600000)
  to   space 3072K, 0% used [0x000000076f000000,0x000000076f000000,0x000000076f300000)
 ParOldGen       total 175104K, used 48K [0x00000006c0000000, 0x00000006cab00000, 0x000000076ab00000)
  object space 175104K, 0% used [0x00000006c0000000,0x00000006c000c000,0x00000006cab00000)
 Metaspace       used 12423K, capacity 12886K, committed 13056K, reserved 1060864K
  class space    used 1607K, capacity 1735K, committed 1792K, reserved 1048576K
}
Event: 10.833 GC heap before
{Heap before GC invocations=7 (full 0):
 PSYoungGen      total 65536K, used 65024K [0x000000076ab00000, 0x000000076f600000, 0x00000007c0000000)
  eden space 62464K, 100% used [0x000000076ab00000,0x000000076e800000,0x000000076e800000)
  from space 3072K, 83% used [0x000000076f300000,0x000000076f580040,0x000000076f600000)
  to   space 3072K, 0% used [0x000000076f000000,0x000000076f000000,0x000000076f300000)
 ParOldGen       total 175104K, used 48K [0x00000006c0000000, 0x00000006cab00000, 0x000000076ab00000)
  object space 175104K, 0% used [0x00000006c0000000,0x00000006c000c000,0x00000006cab00000)
 Metaspace       used 12469K, capacity 12886K, committed 13056K, reserved 1060864K
  class space    used 1607K, capacity 1735K, committed 1792K, reserved 1048576K
Event: 10.838 GC heap after
Heap after GC invocations=7 (full 0):
 PSYoungGen      total 61952K, used 256K [0x000000076ab00000, 0x000000076f380000, 0x00000007c0000000)
  eden space 61440K, 0% used [0x000000076ab00000,0x000000076ab00000,0x000000076e700000)
  from space 512K, 50% used [0x000000076f000000,0x000000076f040000,0x000000076f080000)
  to   space 3072K, 0% used [0x000000076f080000,0x000000076f080000,0x000000076f380000)
 ParOldGen       total 175104K, used 2434K [0x00000006c0000000, 0x00000006cab00000, 0x000000076ab00000)
  object space 175104K, 1% used [0x00000006c0000000,0x00000006c0260bf0,0x00000006cab00000)
 Metaspace       used 12469K, capacity 12886K, committed 13056K, reserved 1060864K
  class space    used 1607K, capacity 1735K, committed 1792K, reserved 1048576K
}
Event: 12.766 GC heap before
{Heap before GC invocations=8 (full 0):
 PSYoungGen      total 61952K, used 61696K [0x000000076ab00000, 0x000000076f380000, 0x00000007c0000000)
  eden space 61440K, 100% used [0x000000076ab00000,0x000000076e700000,0x000000076e700000)
  from space 512K, 50% used [0x000000076f000000,0x000000076f040000,0x000000076f080000)
  to   space 3072K, 0% used [0x000000076f080000,0x000000076f080000,0x000000076f380000)
 ParOldGen       total 175104K, used 2434K [0x00000006c0000000, 0x00000006cab00000, 0x000000076ab00000)
  object space 175104K, 1% used [0x00000006c0000000,0x00000006c0260bf0,0x00000006cab00000)
 Metaspace       used 12520K, capacity 12950K, committed 13056K, reserved 1060864K
  class space    used 1607K, capacity 1735K, committed 1792K, reserved 1048576K
Event: 12.767 GC heap after
Heap after GC invocations=8 (full 0):
 PSYoungGen      total 60928K, used 256K [0x000000076ab00000, 0x000000076f100000, 0x00000007c0000000)
  eden space 60416K, 0% used [0x000000076ab00000,0x000000076ab00000,0x000000076e600000)
  from space 512K, 50% used [0x000000076f080000,0x000000076f0c0000,0x000000076f100000)
  to   space 3584K, 0% used [0x000000076ea00000,0x000000076ea00000,0x000000076ed80000)
 ParOldGen       total 175104K, used 2482K [0x00000006c0000000, 0x00000006cab00000, 0x000000076ab00000)
  object space 175104K, 1% used [0x00000006c0000000,0x00000006c026cbf0,0x00000006cab00000)
 Metaspace       used 12520K, capacity 12950K, committed 13056K, reserved 1060864K
  class space    used 1607K, capacity 1735K, committed 1792K, reserved 1048576K
}
Event: 1648.189 GC heap before
{Heap before GC invocations=9 (full 0):
 PSYoungGen      total 60928K, used 60672K [0x000000076ab00000, 0x000000076f100000, 0x00000007c0000000)
  eden space 60416K, 100% used [0x000000076ab00000,0x000000076e600000,0x000000076e600000)
  from space 512K, 50% used [0x000000076f080000,0x000000076f0c0000,0x000000076f100000)
  to   space 3584K, 0% used [0x000000076ea00000,0x000000076ea00000,0x000000076ed80000)
 ParOldGen       total 175104K, used 2482K [0x00000006c0000000, 0x00000006cab00000, 0x000000076ab00000)
  object space 175104K, 1% used [0x00000006c0000000,0x00000006c026cbf0,0x00000006cab00000)
 Metaspace       used 12699K, capacity 13222K, committed 13312K, reserved 1060864K
  class space    used 1626K, capacity 1775K, committed 1792K, reserved 1048576K
Event: 1648.198 GC heap after
Heap after GC invocations=9 (full 0):
 PSYoungGen      total 62976K, used 1216K [0x000000076ab00000, 0x000000076f100000, 0x00000007c0000000)
  eden space 59392K, 0% used [0x000000076ab00000,0x000000076ab00000,0x000000076e500000)
  from space 3584K, 33% used [0x000000076ea00000,0x000000076eb30000,0x000000076ed80000)
  to   space 3584K, 0% used [0x000000076ed80000,0x000000076ed80000,0x000000076f100000)
 ParOldGen       total 175104K, used 2586K [0x00000006c0000000, 0x00000006cab00000, 0x000000076ab00000)
  object space 175104K, 1% used [0x00000006c0000000,0x00000006c0286bf0,0x00000006cab00000)
 Metaspace       used 12699K, capacity 13222K, committed 13312K, reserved 1060864K
  class space    used 1626K, capacity 1775K, committed 1792K, reserved 1048576K
}

